Using pre-set license
Built from '2020.3/release' branch; Version is '2020.3.1f1 (77a89f25062f) revision 7841951'; Using compiler version '192528614'; Build Type 'Release'
OS: 'Windows 10 Pro; OS build 19042.867; Version 2009; 64bit' Language: 'en' Physical Memory: 7278 MB
BatchMode: 1, IsHumanControllingUs: 0, StartBugReporterOnCrash: 0, Is64bit: 1, IsPro: 0

 COMMAND LINE ARGUMENTS:
E:\[UNITY]\2020.3.1f1\Editor\Unity.exe
-adb2
-batchMode
-noUpm
-name
AssetImportWorker1
-projectPath
C:/Users/A. D. Itya/Pong
-logFile
Logs/AssetImportWorker1.log
-srvPort
65355
Successfully changed project path to: C:/Users/A. D. Itya/Pong
C:/Users/A. D. Itya/Pong
Using Asset Import Pipeline V2.
Refreshing native plugins compatible for Editor in 136.76 ms, found 1 plugins.
Preloading 0 native plugins for Editor in 0.00 ms.
Initialize engine version: 2020.3.1f1 (77a89f25062f)
[Subsystems] Discovering subsystems at path E:/[UNITY]/2020.3.1f1/Editor/Data/Resources/UnitySubsystems
[Subsystems] Discovering subsystems at path C:/Users/A. D. Itya/Pong/Assets
GfxDevice: creating device client; threaded=0
Direct3D:
    Version:  Direct3D 11.0 [level 11.1]
    Renderer: AMD Radeon(TM) R5 Graphics (ID=0x98e4)
    Vendor:   
    VRAM:     3639 MB
    Driver:   27.20.1034.6
Initialize mono
Mono path[0] = 'E:/[UNITY]/2020.3.1f1/Editor/Data/Managed'
Mono path[1] = 'E:/[UNITY]/2020.3.1f1/Editor/Data/MonoBleedingEdge/lib/mono/unityjit'
Mono config path = 'E:/[UNITY]/2020.3.1f1/Editor/Data/MonoBleedingEdge/etc'
Using monoOptions --debugger-agent=transport=dt_socket,embedding=1,server=y,suspend=n,address=127.0.0.1:56408
Begin MonoManager ReloadAssembly
Registering precompiled unity dll's ...
Register platform support module: E:/[UNITY]/2020.3.1f1/Editor/Data/PlaybackEngines/WindowsStandaloneSupport/UnityEditor.WindowsStandalone.Extensions.dll
Registered in 0.006168 seconds.
Native extension for WindowsStandalone target not found
Refreshing native plugins compatible for Editor in 202.55 ms, found 1 plugins.
Preloading 0 native plugins for Editor in 0.00 ms.
Invoked RoslynAnalysisRunner static constructor.
RoslynAnalysisRunner will not be running.
RoslynAnalysisRunner has terminated.
Mono: successfully reloaded assembly
- Completed reload, in 12.208 seconds
Platform modules already initialized, skipping
Registering precompiled user dll's ...
Registered in 0.002598 seconds.
Begin MonoManager ReloadAssembly
Native extension for WindowsStandalone target not found
Refreshing native plugins compatible for Editor in 184.16 ms, found 1 plugins.
Preloading 0 native plugins for Editor in 0.00 ms.
Invoked RoslynAnalysisRunner static constructor.
RoslynAnalysisRunner will not be running.
RoslynAnalysisRunner has terminated.
Mono: successfully reloaded assembly
- Completed reload, in  4.657 seconds
Platform modules already initialized, skipping
========================================================================
Worker process is ready to serve import requests
Launched and connected shader compiler UnityShaderCompiler.exe after 0.22 seconds
Refreshing native plugins compatible for Editor in 1.58 ms, found 1 plugins.
Preloading 0 native plugins for Editor in 0.00 ms.
Unloading 1813 Unused Serialized files (Serialized files now loaded: 0)
System memory in use before: 84.8 MB.
System memory in use after: 84.8 MB.

Unloading 24 unused Assets to reduce memory usage. Loaded Objects now: 2255.
Total: 9.043100 ms (FindLiveObjects: 0.623900 ms CreateObjectMapping: 0.227300 ms MarkObjects: 7.836100 ms  DeleteObjects: 0.351500 ms)

========================================================================
Received Import Request.
  path: Assets/KunalTandon/DottedLine/Scripts
  artifactKey: Guid(da445a205eafae348870596690978520) Importer(815301076,1909f56bfc062723c751e8b465ee728b)
Start importing Assets/KunalTandon/DottedLine/Scripts using Guid(da445a205eafae348870596690978520) Importer(815301076,1909f56bfc062723c751e8b465ee728b)  -> (artifact id: '081e0716cd9c90cfbcf898aada737eb0') in 0.761090 seconds
  Import took 1.686577 seconds .

========================================================================
Received Import Request.
  Time since last request: 307.545779 seconds.
  path: Assets/KunalTandon/DottedLine/Scripts/DottedLineDemo.cs
  artifactKey: Guid(af88a2b17f064244a82ec32c26f67d38) Importer(815301076,1909f56bfc062723c751e8b465ee728b)
Start importing Assets/KunalTandon/DottedLine/Scripts/DottedLineDemo.cs using Guid(af88a2b17f064244a82ec32c26f67d38) Importer(815301076,1909f56bfc062723c751e8b465ee728b)  -> (artifact id: 'ddc34ff40bf5761e11b261bdca442d83') in 0.106741 seconds
  Import took 0.157718 seconds .

========================================================================
Received Import Request.
  Time since last request: 0.084522 seconds.
  path: Assets/KunalTandon/DottedLine/Scripts/DottedLineDemo.cs
  artifactKey: Guid(af88a2b17f064244a82ec32c26f67d38) Importer(815301076,1909f56bfc062723c751e8b465ee728b)
Start importing Assets/KunalTandon/DottedLine/Scripts/DottedLineDemo.cs using Guid(af88a2b17f064244a82ec32c26f67d38) Importer(815301076,1909f56bfc062723c751e8b465ee728b)  -> (artifact id: 'ddc34ff40bf5761e11b261bdca442d83') in 0.015578 seconds
  Import took 0.052948 seconds .

========================================================================
Received Import Request.
  Time since last request: 0.093507 seconds.
  path: Assets/KunalTandon/DottedLine/Scripts/DottedLine.cs
  artifactKey: Guid(f0e40b5d054b0674a844bd74524096ce) Importer(815301076,1909f56bfc062723c751e8b465ee728b)
Start importing Assets/KunalTandon/DottedLine/Scripts/DottedLine.cs using Guid(f0e40b5d054b0674a844bd74524096ce) Importer(815301076,1909f56bfc062723c751e8b465ee728b)  -> (artifact id: 'b4949188412bea5833bb277528a73c6e') in 0.032445 seconds
  Import took 0.053508 seconds .

========================================================================
Received Import Request.
  Time since last request: 0.017388 seconds.
  path: Assets/KunalTandon/DottedLine/Scripts/DottedLine.cs
  artifactKey: Guid(f0e40b5d054b0674a844bd74524096ce) Importer(815301076,1909f56bfc062723c751e8b465ee728b)
Start importing Assets/KunalTandon/DottedLine/Scripts/DottedLine.cs using Guid(f0e40b5d054b0674a844bd74524096ce) Importer(815301076,1909f56bfc062723c751e8b465ee728b)  -> (artifact id: 'b4949188412bea5833bb277528a73c6e') in 0.023708 seconds
  Import took 0.040373 seconds .

AssetImportWorkerClient::OnTransportError - code=2 error=End of file
